\BOOKMARK [1][-]{section.1}{\376\377\000P\000a\000r\000t\0001\000\040\127\372\170\100\167\345\213\306}{}% 1
\BOOKMARK [2][-]{subsection.1.1}{\376\377\127\372\147\054\117\213\133\120}{section.1}% 2
\BOOKMARK [2][-]{subsection.1.2}{\376\377\151\202\163\207\172\172\225\364}{section.1}% 3
\BOOKMARK [2][-]{subsection.1.3}{\376\377\147\141\116\366\151\202\163\207}{section.1}% 4
\BOOKMARK [2][-]{subsection.1.4}{\376\377\171\273\145\143\122\006\136\003\124\214\217\336\176\355\122\006\136\003}{section.1}% 5
\BOOKMARK [2][-]{subsection.1.5}{\376\377\162\354\172\313\140\047}{section.1}% 6
\BOOKMARK [2][-]{subsection.1.6}{\376\377\147\141\116\366\147\037\147\033}{section.1}% 7
\BOOKMARK [2][-]{subsection.1.7}{\376\377\145\066\145\133\140\047}{section.1}% 8
\BOOKMARK [2][-]{subsection.1.8}{\376\377\162\171\137\201\121\375\145\160}{section.1}% 9
\BOOKMARK [2][-]{subsection.1.9}{\376\377\165\037\142\020\121\375\145\160\124\214\167\351\153\315\121\375\145\160}{section.1}% 10
\BOOKMARK [2][-]{subsection.1.10}{\376\377\000B\000o\000r\000e\000l\000-\000C\000a\000n\000t\000e\000l\000l\000i\000\040\137\025\164\006}{section.1}% 11
\BOOKMARK [1][-]{section.2}{\376\377\000P\000a\000r\000t\0002\000\040\147\201\226\120\133\232\164\006}{}% 12
\BOOKMARK [2][-]{subsection.2.1}{\376\377\131\047\145\160\154\325\122\031}{section.2}% 13
\BOOKMARK [2][-]{subsection.2.2}{\376\377\116\055\137\303\147\201\226\120\133\232\164\006}{section.2}% 14
\BOOKMARK [2][-]{subsection.2.3}{\376\377\131\047\120\117\135\356\123\237\164\006}{section.2}% 15
\BOOKMARK [2][-]{subsection.2.4}{\376\377\147\201\120\074\176\337\213\241}{section.2}% 16
\BOOKMARK [1][-]{section.3}{\376\377\000P\000a\000r\000t\0003\000\040\232\154\134\024\171\321\131\053\224\376}{}% 17
\BOOKMARK [2][-]{subsection.3.1}{\376\377\171\273\145\143\145\366\225\364\147\011\226\120\232\154\134\024\123\357\131\053\224\376}{section.3}% 18
\BOOKMARK [2][-]{subsection.3.2}{\376\377\116\015\123\330\122\006\136\003}{section.3}% 19
\BOOKMARK [2][-]{subsection.3.3}{\376\377\147\011\226\120\232\154\134\024\171\321\131\053\224\376\166\204\220\115\123\206\140\047}{section.3}% 20
\BOOKMARK [2][-]{subsection.3.4}{\376\377\000P\000o\000i\000s\000s\000o\000n\000\040\217\307\172\013}{section.3}% 21
\BOOKMARK [2][-]{subsection.3.5}{\376\377\000Q\217\307\172\013}{section.3}% 22
\BOOKMARK [2][-]{subsection.3.6}{\376\377\135\114\121\145\224\376\116\016\116\015\123\357\176\246\140\047}{section.3}% 23
\BOOKMARK [2][-]{subsection.3.7}{\376\377\000Q\217\307\172\013\166\204\220\115\123\206\140\047}{section.3}% 24
\BOOKMARK [2][-]{subsection.3.8}{\376\377\145\366\225\364\123\315\157\024}{section.3}% 25
\BOOKMARK [2][-]{subsection.3.9}{\376\377\226\220\232\154\134\024\171\321\131\053\152\041\127\213}{section.3}% 26
\BOOKMARK [2][-]{subsection.3.10}{\376\377\177\121\176\334\124\214\232\154\134\024\171\321\131\053\224\376}{section.3}% 27
\BOOKMARK [1][-]{section.4}{\376\377\000M\000o\000n\000t\000e\000\040\000C\000a\000r\000l\000o\000\040\145\271\154\325}{}% 28
\BOOKMARK [2][-]{subsection.4.1}{\376\377\145\160\120\074\171\357\122\006}{section.4}% 29
\BOOKMARK [2][-]{subsection.4.2}{\376\377\226\217\147\072\123\330\221\317\166\204\165\037\142\020}{section.4}% 30
\BOOKMARK [2][-]{subsection.4.3}{\376\377\145\271\135\356\177\051\121\317}{section.4}% 31
\BOOKMARK [2][-]{subsection.4.4}{\376\377\000M\000e\000t\000r\000o\000p\000o\000l\000i\000s\000\040\173\227\154\325}{section.4}% 32
\BOOKMARK [1][-]{section.5}{\376\377\226\217\147\072\217\307\172\013}{}% 33
